<?xml version="1.0" encoding="UTF-8"?>
<testsuite xmlns:xsi="http://www.w3.org/2001/XMLSchema-instance" xsi:noNamespaceSchemaLocation="https://maven.apache.org/surefire/maven-surefire-plugin/xsd/surefire-test-report.xsd" name="org.jee8ng.users.boundary.UsersServiceTest" time="61.844" tests="2" errors="0" skipped="0" failures="0">
  <properties>
[...]
</properties>
  <testcase name="testGetUsers" classname="org.jee8ng.users.boundary.UsersServiceTest" time="2.533"/>
  <testcase name="testCreateUser" classname="org.jee8ng.users.boundary.UsersServiceTest" time="5.606"/>
</testsuite>